<?xml version="1.0" encoding="UTF-8"?>
<!-- Generated by org.testng.reporters.JUnitReportReporter -->
<testsuite skipped="0" hostname="Desta" name="tests.Patch" tests="1" failures="0" timestamp="2022-08-19T06:27:38 ICT" time="0.620" errors="0">
  <testcase name="patch" time="0.620" classname="tests.Patch"/>
  <system-out/>
</testsuite> <!-- tests.Patch -->
