<?xml version="1.0" encoding="UTF-8"?>
<!-- Generated by org.testng.reporters.JUnitReportReporter -->
<testsuite skipped="0" hostname="Desta" name="tests.Put" tests="1" failures="0" timestamp="2022-08-19T06:27:38 ICT" time="3.064" errors="0">
  <testcase name="put" time="3.064" classname="tests.Put"/>
  <system-out/>
</testsuite> <!-- tests.Put -->
