<?xml version="1.0" encoding="UTF-8"?>
<!-- Generated by org.testng.reporters.JUnitReportReporter -->
<testsuite skipped="0" hostname="Desta" name="tests.Put" tests="1" failures="0" timestamp="2022-08-19T00:45:16 ICT" time="3.045" errors="0">
  <testcase name="get" time="3.045" classname="tests.Put"/>
  <system-out/>
</testsuite> <!-- tests.Put -->
