<?xml version="1.0" encoding="UTF-8"?>
<!-- Generated by org.testng.reporters.JUnitReportReporter -->
<testsuite skipped="0" hostname="Desta" name="tests.GetAndPost" tests="1" failures="0" timestamp="2022-08-18T23:55:38 ICT" time="3.886" errors="0">
  <testcase name="get" time="3.886" classname="tests.GetAndPost"/>
  <system-out/>
</testsuite> <!-- tests.GetAndPost -->
