<?xml version="1.0" encoding="UTF-8"?>
<!-- Generated by org.testng.reporters.JUnitReportReporter -->
<testsuite skipped="0" hostname="Desta" name="tests.SampleAPITest" tests="1" failures="0" timestamp="2022-08-18T21:55:07 ICT" time="2.543" errors="0">
  <testcase name="test" time="2.543" classname="tests.SampleAPITest"/>
  <system-out/>
</testsuite> <!-- tests.SampleAPITest -->
