<?xml version="1.0" encoding="UTF-8"?>
<!-- Generated by org.testng.reporters.JUnitReportReporter -->
<testsuite skipped="0" hostname="Desta" name="tests.Post" tests="1" failures="0" timestamp="2022-08-19T00:31:50 ICT" time="3.056" errors="0">
  <testcase name="get" time="3.056" classname="tests.Post"/>
  <system-out/>
</testsuite> <!-- tests.Post -->
