<?xml version="1.0" encoding="UTF-8"?>
<!-- Generated by org.testng.reporters.JUnitReportReporter -->
<testsuite skipped="0" hostname="Desta" name="tests.SampleAPITestGet_02" tests="2" failures="0" timestamp="2022-08-18T22:42:06 ICT" time="4.234" errors="0">
  <testcase name="testSample_02" time="1.677" classname="tests.SampleAPITestGet_02"/>
  <system-out/>
  <testcase name="testSample_01" time="2.557" classname="tests.SampleAPITestGet_02"/>
  <system-out/>
</testsuite> <!-- tests.SampleAPITestGet_02 -->
