<?xml version="1.0" encoding="UTF-8"?>
<!-- Generated by org.testng.reporters.JUnitReportReporter -->
<testsuite skipped="0" hostname="Desta" name="RestAssured.AssuredRegistTest" tests="2" failures="0" timestamp="2022-07-23T13:27:48 ICT" time="2.080" errors="0">
  <testcase name="postGetRegistPage" time="0.793" classname="RestAssured.AssuredRegistTest"/>
  <system-out/>
  <testcase name="postPostRegist" time="1.287" classname="RestAssured.AssuredRegistTest"/>
  <system-out/>
</testsuite> <!-- RestAssured.AssuredRegistTest -->
