<?xml version="1.0" encoding="UTF-8"?>
<!-- Generated by org.testng.reporters.JUnitReportReporter -->
<testsuite skipped="0" hostname="Desta" name="RestAssured.AssuredProfileTest" tests="1" failures="0" timestamp="2022-07-23T13:27:48 ICT" time="3.676" errors="0">
  <testcase name="postGetProfile" time="3.676" classname="RestAssured.AssuredProfileTest"/>
  <system-out/>
</testsuite> <!-- RestAssured.AssuredProfileTest -->
