<?xml version="1.0" encoding="UTF-8"?>
<!-- Generated by org.testng.reporters.JUnitReportReporter -->
<testsuite skipped="0" hostname="Desta" name="RestAssured.AssuredCartTest" tests="2" failures="0" timestamp="2022-07-23T13:27:48 ICT" time="0.749" errors="0">
  <testcase name="postGetSingleCart" time="0.327" classname="RestAssured.AssuredCartTest"/>
  <system-out/>
  <testcase name="postGetCart" time="0.422" classname="RestAssured.AssuredCartTest"/>
  <system-out/>
</testsuite> <!-- RestAssured.AssuredCartTest -->
