<?xml version="1.0" encoding="UTF-8"?>
<!-- Generated by org.testng.reporters.JUnitReportReporter -->
<testsuite skipped="0" hostname="Desta" name="RestAssured.AssuredRegistTest" tests="2" failures="0" timestamp="2022-07-23T09:55:50 ICT" time="4.021" errors="0">
  <testcase name="postGetRegist" time="2.828" classname="RestAssured.AssuredRegistTest"/>
  <system-out/>
  <testcase name="postPostRegist" time="1.193" classname="RestAssured.AssuredRegistTest"/>
  <system-out/>
</testsuite> <!-- RestAssured.AssuredRegistTest -->
