<?xml version="1.0" encoding="UTF-8"?>
<!-- Generated by org.testng.reporters.JUnitReportReporter -->
<testsuite skipped="0" hostname="Desta" name="RestAssured.AssuredRegistTest" tests="2" failures="0" timestamp="2022-07-23T02:11:02 ICT" time="4.764" errors="0">
  <testcase name="postPostRegist" time="1.761" classname="RestAssured.AssuredRegistTest"/>
  <system-out/>
  <testcase name="postGetRegist" time="3.003" classname="RestAssured.AssuredRegistTest"/>
  <system-out/>
</testsuite> <!-- RestAssured.AssuredRegistTest -->
