<?xml version="1.0" encoding="UTF-8"?>
<!-- Generated by org.testng.reporters.JUnitReportReporter -->
<testsuite skipped="0" hostname="Desta" name="RestAssured.AssuredCartTest" tests="1" failures="0" timestamp="2022-07-23T02:19:14 ICT" time="2.777" errors="0">
  <testcase name="postGetCart" time="2.777" classname="RestAssured.AssuredCartTest"/>
  <system-out/>
</testsuite> <!-- RestAssured.AssuredCartTest -->
