<?xml version="1.0" encoding="UTF-8"?>
<!-- Generated by org.testng.reporters.JUnitReportReporter -->
<testsuite skipped="0" hostname="Desta" name="RestAssured.AssuredCartTest" tests="2" failures="0" timestamp="2022-07-23T10:42:05 ICT" time="3.717" errors="0">
  <testcase name="postGetCart" time="3.363" classname="RestAssured.AssuredCartTest"/>
  <system-out/>
  <testcase name="postGetSingleCart" time="0.354" classname="RestAssured.AssuredCartTest"/>
  <system-out/>
</testsuite> <!-- RestAssured.AssuredCartTest -->
