<?xml version="1.0" encoding="UTF-8"?>
<!-- Generated by org.testng.reporters.JUnitReportReporter -->
<testsuite skipped="0" hostname="Desta" name="RestAssured.AssuredRegistTest" tests="2" failures="0" timestamp="2022-07-23T01:39:27 ICT" time="3.889" errors="0">
  <testcase name="postPostRegist" time="1.226" classname="RestAssured.AssuredRegistTest"/>
  <system-out/>
  <testcase name="postGetRegist" time="2.663" classname="RestAssured.AssuredRegistTest"/>
  <system-out/>
</testsuite> <!-- RestAssured.AssuredRegistTest -->
